<?xml version="1.0" encoding="UTF-8"?>
<testsuite name="com.lucasaquiles.micronaut.ProductControllerSpek" tests="1" skipped="0" failures="0" errors="0" timestamp="2019-08-21T02:19:05" hostname="Lucass-MacBook-Pro.local" time="0.587">
  <properties/>
  <testcase name="GET /inventory/{code}" classname="com.lucasaquiles.micronaut.ProductControllerSpek" time="0.587"/>
  <system-out><![CDATA[]]></system-out>
  <system-err><![CDATA[]]></system-err>
</testsuite>
